This is pdfTeX, Version 3.141592653-2.6-1.40.25 (TeX Live 2023) (preloaded format=pdflatex 2023.6.7)  2 MAY 2024 11:41
entering extended mode
 restricted \write18 enabled.
 %&-line parsing enabled.
**paper_current.tex
(./paper_current.tex
LaTeX2e <2022-11-01> patch level 1
L3 programming layer <2023-02-22>
(/usr/local/texlive/2023/texmf-dist/tex/latex/llncs/llncs.cls
Document Class: llncs 2022/09/05 v2.22 
 LaTeX document class for Lecture Notes in Computer Science
(/usr/local/texlive/2023/texmf-dist/tex/latex/base/article.cls
Document Class: article 2022/07/02 v1.4n Standard LaTeX document class
(/usr/local/texlive/2023/texmf-dist/tex/latex/base/size10.clo
File: size10.clo 2022/07/02 v1.4n Standard LaTeX file (size option)
)
\c@part=\count185
\c@section=\count186
\c@subsection=\count187
\c@subsubsection=\count188
\c@paragraph=\count189
\c@subparagraph=\count190
\c@figure=\count191
\c@table=\count192
\abovecaptionskip=\skip48
\belowcaptionskip=\skip49
\bibindent=\dimen140
)
(/usr/local/texlive/2023/texmf-dist/tex/latex/tools/multicol.sty
Package: multicol 2021/11/30 v1.9d multicolumn formatting (FMi)
\c@tracingmulticols=\count193
\mult@box=\box51
\multicol@leftmargin=\dimen141
\c@unbalance=\count194
\c@collectmore=\count195
\doublecol@number=\count196
\multicoltolerance=\count197
\multicolpretolerance=\count198
\full@width=\dimen142
\page@free=\dimen143
\premulticols=\dimen144
\postmulticols=\dimen145
\multicolsep=\skip50
\multicolbaselineskip=\skip51
\partial@page=\box52
\last@line=\box53
\maxbalancingoverflow=\dimen146
\mult@rightbox=\box54
\mult@grightbox=\box55
\mult@firstbox=\box56
\mult@gfirstbox=\box57
\@tempa=\box58
\@tempa=\box59
\@tempa=\box60
\@tempa=\box61
\@tempa=\box62
\@tempa=\box63
\@tempa=\box64
\@tempa=\box65
\@tempa=\box66
\@tempa=\box67
\@tempa=\box68
\@tempa=\box69
\@tempa=\box70
\@tempa=\box71
\@tempa=\box72
\@tempa=\box73
\@tempa=\box74
\@tempa=\box75
\@tempa=\box76
\@tempa=\box77
\@tempa=\box78
\@tempa=\box79
\@tempa=\box80
\@tempa=\box81
\@tempa=\box82
\@tempa=\box83
\@tempa=\box84
\@tempa=\box85
\@tempa=\box86
\@tempa=\box87
\@tempa=\box88
\@tempa=\box89
\@tempa=\box90
\@tempa=\box91
\@tempa=\box92
\@tempa=\box93
\c@minrows=\count199
\c@columnbadness=\count266
\c@finalcolumnbadness=\count267
\last@try=\dimen147
\multicolovershoot=\dimen148
\multicolundershoot=\dimen149
\mult@nat@firstbox=\box94
\colbreak@box=\box95
\mc@col@check@num=\count268
)
(/usr/local/texlive/2023/texmf-dist/tex/latex/oberdiek/aliascnt.sty
Package: aliascnt 2018/09/07 v1.5 Alias counters (HO)
)
\c@chapter=\count269
LaTeX Font Info:    Redeclaring math symbol \Gamma on input line 362.
LaTeX Font Info:    Redeclaring math symbol \Delta on input line 363.
LaTeX Font Info:    Redeclaring math symbol \Theta on input line 364.
LaTeX Font Info:    Redeclaring math symbol \Lambda on input line 365.
LaTeX Font Info:    Redeclaring math symbol \Xi on input line 366.
LaTeX Font Info:    Redeclaring math symbol \Pi on input line 367.
LaTeX Font Info:    Redeclaring math symbol \Sigma on input line 368.
LaTeX Font Info:    Redeclaring math symbol \Upsilon on input line 369.
LaTeX Font Info:    Redeclaring math symbol \Phi on input line 370.
LaTeX Font Info:    Redeclaring math symbol \Psi on input line 371.
LaTeX Font Info:    Redeclaring math symbol \Omega on input line 372.
LaTeX Info: Redefining \vec on input line 377.
\tocchpnum=\dimen150
\tocsecnum=\dimen151
\tocsectotal=\dimen152
\tocsubsecnum=\dimen153
\tocsubsectotal=\dimen154
\tocsubsubsecnum=\dimen155
\tocsubsubsectotal=\dimen156
\tocparanum=\dimen157
\tocparatotal=\dimen158
\tocsubparanum=\dimen159
\@tempcntc=\count270
\fnindent=\dimen160
\c@@inst=\count271
\c@@auth=\count272
\c@auco=\count273
\instindent=\dimen161
\authrun=\box96
\authorrunning=\toks16
\tocauthor=\toks17
\titrun=\box97
\titlerunning=\toks18
\toctitle=\toks19
\c@theorem=\count274
\c@case=\count275
\c@conjecture=\count276
\c@corollary=\count277
\c@definition=\count278
\c@example=\count279
\c@exercise=\count280
\c@lemma=\count281
\c@note=\count282
\c@problem=\count283
\c@property=\count284
\c@proposition=\count285
\c@question=\count286
\c@solution=\count287
\c@remark=\count288
\headlineindent=\dimen162
)
(/usr/local/texlive/2023/texmf-dist/tex/latex/base/fontenc.sty
Package: fontenc 2021/04/29 v2.0v Standard LaTeX package
)
(/usr/local/texlive/2023/texmf-dist/tex/latex/float/float.sty
Package: float 2001/11/08 v1.3d Float enhancements (AL)
\c@float@type=\count289
\float@exts=\toks20
\float@box=\box98
\@float@everytoks=\toks21
\@floatcapt=\box99
)
(/usr/local/texlive/2023/texmf-dist/tex/latex/xcolor/xcolor.sty
Package: xcolor 2022/06/12 v2.14 LaTeX color extensions (UK)

(/usr/local/texlive/2023/texmf-dist/tex/latex/graphics-cfg/color.cfg
File: color.cfg 2016/01/02 v1.6 sample color configuration
)
Package xcolor Info: Driver file: pdftex.def on input line 227.

(/usr/local/texlive/2023/texmf-dist/tex/latex/graphics-def/pdftex.def
File: pdftex.def 2022/09/22 v1.2b Graphics/color driver for pdftex
)
(/usr/local/texlive/2023/texmf-dist/tex/latex/colortbl/colortbl.sty
Package: colortbl 2022/06/20 v1.0f Color table columns (DPC)

(/usr/local/texlive/2023/texmf-dist/tex/latex/tools/array.sty
Package: array 2022/09/04 v2.5g Tabular extension package (FMi)
\col@sep=\dimen163
\ar@mcellbox=\box100
\extrarowheight=\dimen164
\NC@list=\toks22
\extratabsurround=\skip52
\backup@length=\skip53
\ar@cellbox=\box101
)
\everycr=\toks23
\minrowclearance=\skip54
\rownum=\count290
)
(/usr/local/texlive/2023/texmf-dist/tex/latex/graphics/mathcolor.ltx)
Package xcolor Info: Model `cmy' substituted by `cmy0' on input line 1353.
Package xcolor Info: Model `hsb' substituted by `rgb' on input line 1357.
Package xcolor Info: Model `RGB' extended on input line 1369.
Package xcolor Info: Model `HTML' substituted by `rgb' on input line 1371.
Package xcolor Info: Model `Hsb' substituted by `hsb' on input line 1372.
Package xcolor Info: Model `tHsb' substituted by `hsb' on input line 1373.
Package xcolor Info: Model `HSB' substituted by `hsb' on input line 1374.
Package xcolor Info: Model `Gray' substituted by `gray' on input line 1375.
Package xcolor Info: Model `wave' substituted by `hsb' on input line 1376.
)
(/usr/local/texlive/2023/texmf-dist/tex/latex/booktabs/booktabs.sty
Package: booktabs 2020/01/12 v1.61803398 Publication quality tables
\heavyrulewidth=\dimen165
\lightrulewidth=\dimen166
\cmidrulewidth=\dimen167
\belowrulesep=\dimen168
\belowbottomsep=\dimen169
\aboverulesep=\dimen170
\abovetopsep=\dimen171
\cmidrulesep=\dimen172
\cmidrulekern=\dimen173
\defaultaddspace=\dimen174
\@cmidla=\count291
\@cmidlb=\count292
\@aboverulesep=\dimen175
\@belowrulesep=\dimen176
\@thisruleclass=\count293
\@lastruleclass=\count294
\@thisrulewidth=\dimen177
)
(/usr/local/texlive/2023/texmf-dist/tex/latex/natbib/natbib.sty
Package: natbib 2010/09/13 8.31b (PWD, AO)
\bibhang=\skip55
\bibsep=\skip56
LaTeX Info: Redefining \cite on input line 694.
\c@NAT@ctr=\count295
)
(/usr/local/texlive/2023/texmf-dist/tex/latex/hyperref/hyperref.sty
Package: hyperref 2023-02-07 v7.00v Hypertext links for LaTeX

(/usr/local/texlive/2023/texmf-dist/tex/generic/ltxcmds/ltxcmds.sty
Package: ltxcmds 2020-05-10 v1.25 LaTeX kernel commands for general use (HO)
)
(/usr/local/texlive/2023/texmf-dist/tex/generic/iftex/iftex.sty
Package: iftex 2022/02/03 v1.0f TeX engine tests
)
(/usr/local/texlive/2023/texmf-dist/tex/generic/pdftexcmds/pdftexcmds.sty
Package: pdftexcmds 2020-06-27 v0.33 Utility functions of pdfTeX for LuaTeX (HO
)

(/usr/local/texlive/2023/texmf-dist/tex/generic/infwarerr/infwarerr.sty
Package: infwarerr 2019/12/03 v1.5 Providing info/warning/error messages (HO)
)
Package pdftexcmds Info: \pdf@primitive is available.
Package pdftexcmds Info: \pdf@ifprimitive is available.
Package pdftexcmds Info: \pdfdraftmode found.
)
(/usr/local/texlive/2023/texmf-dist/tex/latex/graphics/keyval.sty
Package: keyval 2022/05/29 v1.15 key=value parser (DPC)
\KV@toks@=\toks24
)
(/usr/local/texlive/2023/texmf-dist/tex/latex/kvsetkeys/kvsetkeys.sty
Package: kvsetkeys 2022-10-05 v1.19 Key value parser (HO)
)
(/usr/local/texlive/2023/texmf-dist/tex/generic/kvdefinekeys/kvdefinekeys.sty
Package: kvdefinekeys 2019-12-19 v1.6 Define keys (HO)
)
(/usr/local/texlive/2023/texmf-dist/tex/generic/pdfescape/pdfescape.sty
Package: pdfescape 2019/12/09 v1.15 Implements pdfTeX's escape features (HO)
)
(/usr/local/texlive/2023/texmf-dist/tex/latex/hycolor/hycolor.sty
Package: hycolor 2020-01-27 v1.10 Color options for hyperref/bookmark (HO)
)
(/usr/local/texlive/2023/texmf-dist/tex/latex/letltxmacro/letltxmacro.sty
Package: letltxmacro 2019/12/03 v1.6 Let assignment for LaTeX macros (HO)
)
(/usr/local/texlive/2023/texmf-dist/tex/latex/auxhook/auxhook.sty
Package: auxhook 2019-12-17 v1.6 Hooks for auxiliary files (HO)
)
(/usr/local/texlive/2023/texmf-dist/tex/latex/hyperref/nameref.sty
Package: nameref 2022-05-17 v2.50 Cross-referencing by name of section

(/usr/local/texlive/2023/texmf-dist/tex/latex/refcount/refcount.sty
Package: refcount 2019/12/15 v3.6 Data extraction from label references (HO)
)
(/usr/local/texlive/2023/texmf-dist/tex/generic/gettitlestring/gettitlestring.s
ty
Package: gettitlestring 2019/12/15 v1.6 Cleanup title references (HO)
 (/usr/local/texlive/2023/texmf-dist/tex/latex/kvoptions/kvoptions.sty
Package: kvoptions 2022-06-15 v3.15 Key value format for package options (HO)
))
\c@section@level=\count296
)
\@linkdim=\dimen178
\Hy@linkcounter=\count297
\Hy@pagecounter=\count298

(/usr/local/texlive/2023/texmf-dist/tex/latex/hyperref/pd1enc.def
File: pd1enc.def 2023-02-07 v7.00v Hyperref: PDFDocEncoding definition (HO)
Now handling font encoding PD1 ...
... no UTF-8 mapping file for font encoding PD1
)
(/usr/local/texlive/2023/texmf-dist/tex/generic/intcalc/intcalc.sty
Package: intcalc 2019/12/15 v1.3 Expandable calculations with integers (HO)
)
(/usr/local/texlive/2023/texmf-dist/tex/generic/etexcmds/etexcmds.sty
Package: etexcmds 2019/12/15 v1.7 Avoid name clashes with e-TeX commands (HO)
)
\Hy@SavedSpaceFactor=\count299

(/usr/local/texlive/2023/texmf-dist/tex/latex/hyperref/puenc.def
File: puenc.def 2023-02-07 v7.00v Hyperref: PDF Unicode definition (HO)
Now handling font encoding PU ...
... no UTF-8 mapping file for font encoding PU
)
Package hyperref Info: Option `bookmarks' set `true' on input line 4060.
Package hyperref Info: Option `colorlinks' set `true' on input line 4060.
Package hyperref Info: Option `bookmarks' set `true' on input line 4060.
Package hyperref Info: Option `linktocpage' set `true' on input line 4060.
Package hyperref Info: Option `hyperindex' set `true' on input line 4060.
Package hyperref Info: Hyper figures OFF on input line 4177.
Package hyperref Info: Link nesting OFF on input line 4182.
Package hyperref Info: Hyper index ON on input line 4185.
Package hyperref Info: Plain pages OFF on input line 4192.
Package hyperref Info: Backreferencing OFF on input line 4197.
Package hyperref Info: Implicit mode ON; LaTeX internals redefined.
Package hyperref Info: Bookmarks ON on input line 4425.
\c@Hy@tempcnt=\count300

(/usr/local/texlive/2023/texmf-dist/tex/latex/url/url.sty
\Urlmuskip=\muskip16
Package: url 2013/09/16  ver 3.4  Verb mode for urls, etc.
)
LaTeX Info: Redefining \url on input line 4763.
\XeTeXLinkMargin=\dimen179

(/usr/local/texlive/2023/texmf-dist/tex/generic/bitset/bitset.sty
Package: bitset 2019/12/09 v1.3 Handle bit-vector datatype (HO)

(/usr/local/texlive/2023/texmf-dist/tex/generic/bigintcalc/bigintcalc.sty
Package: bigintcalc 2019/12/15 v1.5 Expandable calculations on big integers (HO
)
))
\Fld@menulength=\count301
\Field@Width=\dimen180
\Fld@charsize=\dimen181
Package hyperref Info: Hyper figures OFF on input line 6042.
Package hyperref Info: Link nesting OFF on input line 6047.
Package hyperref Info: Hyper index ON on input line 6050.
Package hyperref Info: backreferencing OFF on input line 6057.
Package hyperref Info: Link coloring ON on input line 6060.
Package hyperref Info: Link coloring with OCG OFF on input line 6067.
Package hyperref Info: PDF/A mode OFF on input line 6072.

(/usr/local/texlive/2023/texmf-dist/tex/latex/base/atbegshi-ltx.sty
Package: atbegshi-ltx 2021/01/10 v1.0c Emulation of the original atbegshi
package with kernel methods
)
\Hy@abspage=\count302
\c@Item=\count303
\c@Hfootnote=\count304
)
Package hyperref Info: Driver: hpdftex.

(/usr/local/texlive/2023/texmf-dist/tex/latex/hyperref/hpdftex.def
File: hpdftex.def 2023-02-07 v7.00v Hyperref driver for pdfTeX

(/usr/local/texlive/2023/texmf-dist/tex/latex/base/atveryend-ltx.sty
Package: atveryend-ltx 2020/08/19 v1.0a Emulation of the original atveryend pac
kage
with kernel methods
)
\Fld@listcount=\count305
\c@bookmark@seq@number=\count306

(/usr/local/texlive/2023/texmf-dist/tex/latex/rerunfilecheck/rerunfilecheck.sty
Package: rerunfilecheck 2022-07-10 v1.10 Rerun checks for auxiliary files (HO)

(/usr/local/texlive/2023/texmf-dist/tex/generic/uniquecounter/uniquecounter.sty
Package: uniquecounter 2019/12/15 v1.4 Provide unlimited unique counter (HO)
)
Package uniquecounter Info: New unique counter `rerunfilecheck' on input line 2
85.
)
\Hy@SectionHShift=\skip57
) (/usr/local/texlive/2023/texmf-dist/tex/latex/orcidlink/orcidlink.sty
Package: orcidlink 2021/06/11 v1.0.4 Linked ORCiD logo macro package

(/usr/local/texlive/2023/texmf-dist/tex/latex/pgf/frontendlayer/tikz.sty
(/usr/local/texlive/2023/texmf-dist/tex/latex/pgf/basiclayer/pgf.sty
(/usr/local/texlive/2023/texmf-dist/tex/latex/pgf/utilities/pgfrcs.sty
(/usr/local/texlive/2023/texmf-dist/tex/generic/pgf/utilities/pgfutil-common.te
x
\pgfutil@everybye=\toks25
\pgfutil@tempdima=\dimen182
\pgfutil@tempdimb=\dimen183
)
(/usr/local/texlive/2023/texmf-dist/tex/generic/pgf/utilities/pgfutil-latex.def
\pgfutil@abb=\box102
) (/usr/local/texlive/2023/texmf-dist/tex/generic/pgf/utilities/pgfrcs.code.tex
(/usr/local/texlive/2023/texmf-dist/tex/generic/pgf/pgf.revision.tex)
Package: pgfrcs 2023-01-15 v3.1.10 (3.1.10)
))
Package: pgf 2023-01-15 v3.1.10 (3.1.10)

(/usr/local/texlive/2023/texmf-dist/tex/latex/pgf/basiclayer/pgfcore.sty
(/usr/local/texlive/2023/texmf-dist/tex/latex/graphics/graphicx.sty
Package: graphicx 2021/09/16 v1.2d Enhanced LaTeX Graphics (DPC,SPQR)

(/usr/local/texlive/2023/texmf-dist/tex/latex/graphics/graphics.sty
Package: graphics 2022/03/10 v1.4e Standard LaTeX Graphics (DPC,SPQR)

(/usr/local/texlive/2023/texmf-dist/tex/latex/graphics/trig.sty
Package: trig 2021/08/11 v1.11 sin cos tan (DPC)
)
(/usr/local/texlive/2023/texmf-dist/tex/latex/graphics-cfg/graphics.cfg
File: graphics.cfg 2016/06/04 v1.11 sample graphics configuration
)
Package graphics Info: Driver file: pdftex.def on input line 107.
)
\Gin@req@height=\dimen184
\Gin@req@width=\dimen185
)
(/usr/local/texlive/2023/texmf-dist/tex/latex/pgf/systemlayer/pgfsys.sty
(/usr/local/texlive/2023/texmf-dist/tex/generic/pgf/systemlayer/pgfsys.code.tex
Package: pgfsys 2023-01-15 v3.1.10 (3.1.10)
(/usr/local/texlive/2023/texmf-dist/tex/generic/pgf/utilities/pgfkeys.code.tex
\pgfkeys@pathtoks=\toks26
\pgfkeys@temptoks=\toks27

(/usr/local/texlive/2023/texmf-dist/tex/generic/pgf/utilities/pgfkeyslibraryfil
tered.code.tex
\pgfkeys@tmptoks=\toks28
))
\pgf@x=\dimen186
\pgf@y=\dimen187
\pgf@xa=\dimen188
\pgf@ya=\dimen189
\pgf@xb=\dimen190
\pgf@yb=\dimen191
\pgf@xc=\dimen192
\pgf@yc=\dimen193
\pgf@xd=\dimen194
\pgf@yd=\dimen195
\w@pgf@writea=\write3
\r@pgf@reada=\read2
\c@pgf@counta=\count307
\c@pgf@countb=\count308
\c@pgf@countc=\count309
\c@pgf@countd=\count310
\t@pgf@toka=\toks29
\t@pgf@tokb=\toks30
\t@pgf@tokc=\toks31
\pgf@sys@id@count=\count311

(/usr/local/texlive/2023/texmf-dist/tex/generic/pgf/systemlayer/pgf.cfg
File: pgf.cfg 2023-01-15 v3.1.10 (3.1.10)
)
Driver file for pgf: pgfsys-pdftex.def

(/usr/local/texlive/2023/texmf-dist/tex/generic/pgf/systemlayer/pgfsys-pdftex.d
ef
File: pgfsys-pdftex.def 2023-01-15 v3.1.10 (3.1.10)

(/usr/local/texlive/2023/texmf-dist/tex/generic/pgf/systemlayer/pgfsys-common-p
df.def
File: pgfsys-common-pdf.def 2023-01-15 v3.1.10 (3.1.10)
)))
(/usr/local/texlive/2023/texmf-dist/tex/generic/pgf/systemlayer/pgfsyssoftpath.
code.tex
File: pgfsyssoftpath.code.tex 2023-01-15 v3.1.10 (3.1.10)
\pgfsyssoftpath@smallbuffer@items=\count312
\pgfsyssoftpath@bigbuffer@items=\count313
)
(/usr/local/texlive/2023/texmf-dist/tex/generic/pgf/systemlayer/pgfsysprotocol.
code.tex
File: pgfsysprotocol.code.tex 2023-01-15 v3.1.10 (3.1.10)
))
(/usr/local/texlive/2023/texmf-dist/tex/generic/pgf/basiclayer/pgfcore.code.tex
Package: pgfcore 2023-01-15 v3.1.10 (3.1.10)
(/usr/local/texlive/2023/texmf-dist/tex/generic/pgf/math/pgfmath.code.tex
(/usr/local/texlive/2023/texmf-dist/tex/generic/pgf/math/pgfmathutil.code.tex)
(/usr/local/texlive/2023/texmf-dist/tex/generic/pgf/math/pgfmathparser.code.tex
\pgfmath@dimen=\dimen196
\pgfmath@count=\count314
\pgfmath@box=\box103
\pgfmath@toks=\toks32
\pgfmath@stack@operand=\toks33
\pgfmath@stack@operation=\toks34
)
(/usr/local/texlive/2023/texmf-dist/tex/generic/pgf/math/pgfmathfunctions.code.
tex)
(/usr/local/texlive/2023/texmf-dist/tex/generic/pgf/math/pgfmathfunctions.basic
.code.tex)
(/usr/local/texlive/2023/texmf-dist/tex/generic/pgf/math/pgfmathfunctions.trigo
nometric.code.tex)
(/usr/local/texlive/2023/texmf-dist/tex/generic/pgf/math/pgfmathfunctions.rando
m.code.tex)
(/usr/local/texlive/2023/texmf-dist/tex/generic/pgf/math/pgfmathfunctions.compa
rison.code.tex)
(/usr/local/texlive/2023/texmf-dist/tex/generic/pgf/math/pgfmathfunctions.base.
code.tex)
(/usr/local/texlive/2023/texmf-dist/tex/generic/pgf/math/pgfmathfunctions.round
.code.tex)
(/usr/local/texlive/2023/texmf-dist/tex/generic/pgf/math/pgfmathfunctions.misc.
code.tex)
(/usr/local/texlive/2023/texmf-dist/tex/generic/pgf/math/pgfmathfunctions.integ
erarithmetics.code.tex)
(/usr/local/texlive/2023/texmf-dist/tex/generic/pgf/math/pgfmathcalc.code.tex)
(/usr/local/texlive/2023/texmf-dist/tex/generic/pgf/math/pgfmathfloat.code.tex
\c@pgfmathroundto@lastzeros=\count315
)) (/usr/local/texlive/2023/texmf-dist/tex/generic/pgf/math/pgfint.code.tex)
(/usr/local/texlive/2023/texmf-dist/tex/generic/pgf/basiclayer/pgfcorepoints.co
de.tex
File: pgfcorepoints.code.tex 2023-01-15 v3.1.10 (3.1.10)
\pgf@picminx=\dimen197
\pgf@picmaxx=\dimen198
\pgf@picminy=\dimen199
\pgf@picmaxy=\dimen256
\pgf@pathminx=\dimen257
\pgf@pathmaxx=\dimen258
\pgf@pathminy=\dimen259
\pgf@pathmaxy=\dimen260
\pgf@xx=\dimen261
\pgf@xy=\dimen262
\pgf@yx=\dimen263
\pgf@yy=\dimen264
\pgf@zx=\dimen265
\pgf@zy=\dimen266
)
(/usr/local/texlive/2023/texmf-dist/tex/generic/pgf/basiclayer/pgfcorepathconst
ruct.code.tex
File: pgfcorepathconstruct.code.tex 2023-01-15 v3.1.10 (3.1.10)
\pgf@path@lastx=\dimen267
\pgf@path@lasty=\dimen268
)
(/usr/local/texlive/2023/texmf-dist/tex/generic/pgf/basiclayer/pgfcorepathusage
.code.tex
File: pgfcorepathusage.code.tex 2023-01-15 v3.1.10 (3.1.10)
\pgf@shorten@end@additional=\dimen269
\pgf@shorten@start@additional=\dimen270
)
(/usr/local/texlive/2023/texmf-dist/tex/generic/pgf/basiclayer/pgfcorescopes.co
de.tex
File: pgfcorescopes.code.tex 2023-01-15 v3.1.10 (3.1.10)
\pgfpic=\box104
\pgf@hbox=\box105
\pgf@layerbox@main=\box106
\pgf@picture@serial@count=\count316
)
(/usr/local/texlive/2023/texmf-dist/tex/generic/pgf/basiclayer/pgfcoregraphicst
ate.code.tex
File: pgfcoregraphicstate.code.tex 2023-01-15 v3.1.10 (3.1.10)
\pgflinewidth=\dimen271
)
(/usr/local/texlive/2023/texmf-dist/tex/generic/pgf/basiclayer/pgfcoretransform
ations.code.tex
File: pgfcoretransformations.code.tex 2023-01-15 v3.1.10 (3.1.10)
\pgf@pt@x=\dimen272
\pgf@pt@y=\dimen273
\pgf@pt@temp=\dimen274
)
(/usr/local/texlive/2023/texmf-dist/tex/generic/pgf/basiclayer/pgfcorequick.cod
e.tex
File: pgfcorequick.code.tex 2023-01-15 v3.1.10 (3.1.10)
)
(/usr/local/texlive/2023/texmf-dist/tex/generic/pgf/basiclayer/pgfcoreobjects.c
ode.tex
File: pgfcoreobjects.code.tex 2023-01-15 v3.1.10 (3.1.10)
)
(/usr/local/texlive/2023/texmf-dist/tex/generic/pgf/basiclayer/pgfcorepathproce
ssing.code.tex
File: pgfcorepathprocessing.code.tex 2023-01-15 v3.1.10 (3.1.10)
)
(/usr/local/texlive/2023/texmf-dist/tex/generic/pgf/basiclayer/pgfcorearrows.co
de.tex
File: pgfcorearrows.code.tex 2023-01-15 v3.1.10 (3.1.10)
\pgfarrowsep=\dimen275
)
(/usr/local/texlive/2023/texmf-dist/tex/generic/pgf/basiclayer/pgfcoreshade.cod
e.tex
File: pgfcoreshade.code.tex 2023-01-15 v3.1.10 (3.1.10)
\pgf@max=\dimen276
\pgf@sys@shading@range@num=\count317
\pgf@shadingcount=\count318
)
(/usr/local/texlive/2023/texmf-dist/tex/generic/pgf/basiclayer/pgfcoreimage.cod
e.tex
File: pgfcoreimage.code.tex 2023-01-15 v3.1.10 (3.1.10)
)
(/usr/local/texlive/2023/texmf-dist/tex/generic/pgf/basiclayer/pgfcoreexternal.
code.tex
File: pgfcoreexternal.code.tex 2023-01-15 v3.1.10 (3.1.10)
\pgfexternal@startupbox=\box107
)
(/usr/local/texlive/2023/texmf-dist/tex/generic/pgf/basiclayer/pgfcorelayers.co
de.tex
File: pgfcorelayers.code.tex 2023-01-15 v3.1.10 (3.1.10)
)
(/usr/local/texlive/2023/texmf-dist/tex/generic/pgf/basiclayer/pgfcoretranspare
ncy.code.tex
File: pgfcoretransparency.code.tex 2023-01-15 v3.1.10 (3.1.10)
)
(/usr/local/texlive/2023/texmf-dist/tex/generic/pgf/basiclayer/pgfcorepatterns.
code.tex
File: pgfcorepatterns.code.tex 2023-01-15 v3.1.10 (3.1.10)
)
(/usr/local/texlive/2023/texmf-dist/tex/generic/pgf/basiclayer/pgfcorerdf.code.
tex
File: pgfcorerdf.code.tex 2023-01-15 v3.1.10 (3.1.10)
)))
(/usr/local/texlive/2023/texmf-dist/tex/generic/pgf/modules/pgfmoduleshapes.cod
e.tex
File: pgfmoduleshapes.code.tex 2023-01-15 v3.1.10 (3.1.10)
\pgfnodeparttextbox=\box108
)
(/usr/local/texlive/2023/texmf-dist/tex/generic/pgf/modules/pgfmoduleplot.code.
tex
File: pgfmoduleplot.code.tex 2023-01-15 v3.1.10 (3.1.10)
)
(/usr/local/texlive/2023/texmf-dist/tex/latex/pgf/compatibility/pgfcomp-version
-0-65.sty
Package: pgfcomp-version-0-65 2023-01-15 v3.1.10 (3.1.10)
\pgf@nodesepstart=\dimen277
\pgf@nodesepend=\dimen278
)
(/usr/local/texlive/2023/texmf-dist/tex/latex/pgf/compatibility/pgfcomp-version
-1-18.sty
Package: pgfcomp-version-1-18 2023-01-15 v3.1.10 (3.1.10)
))
(/usr/local/texlive/2023/texmf-dist/tex/latex/pgf/utilities/pgffor.sty
(/usr/local/texlive/2023/texmf-dist/tex/latex/pgf/utilities/pgfkeys.sty
(/usr/local/texlive/2023/texmf-dist/tex/generic/pgf/utilities/pgfkeys.code.tex)
) (/usr/local/texlive/2023/texmf-dist/tex/latex/pgf/math/pgfmath.sty
(/usr/local/texlive/2023/texmf-dist/tex/generic/pgf/math/pgfmath.code.tex))
(/usr/local/texlive/2023/texmf-dist/tex/generic/pgf/utilities/pgffor.code.tex
Package: pgffor 2023-01-15 v3.1.10 (3.1.10)
\pgffor@iter=\dimen279
\pgffor@skip=\dimen280
\pgffor@stack=\toks35
\pgffor@toks=\toks36
))
(/usr/local/texlive/2023/texmf-dist/tex/generic/pgf/frontendlayer/tikz/tikz.cod
e.tex
Package: tikz 2023-01-15 v3.1.10 (3.1.10)

(/usr/local/texlive/2023/texmf-dist/tex/generic/pgf/libraries/pgflibraryplothan
dlers.code.tex
File: pgflibraryplothandlers.code.tex 2023-01-15 v3.1.10 (3.1.10)
\pgf@plot@mark@count=\count319
\pgfplotmarksize=\dimen281
)
\tikz@lastx=\dimen282
\tikz@lasty=\dimen283
\tikz@lastxsaved=\dimen284
\tikz@lastysaved=\dimen285
\tikz@lastmovetox=\dimen286
\tikz@lastmovetoy=\dimen287
\tikzleveldistance=\dimen288
\tikzsiblingdistance=\dimen289
\tikz@figbox=\box109
\tikz@figbox@bg=\box110
\tikz@tempbox=\box111
\tikz@tempbox@bg=\box112
\tikztreelevel=\count320
\tikznumberofchildren=\count321
\tikznumberofcurrentchild=\count322
\tikz@fig@count=\count323

(/usr/local/texlive/2023/texmf-dist/tex/generic/pgf/modules/pgfmodulematrix.cod
e.tex
File: pgfmodulematrix.code.tex 2023-01-15 v3.1.10 (3.1.10)
\pgfmatrixcurrentrow=\count324
\pgfmatrixcurrentcolumn=\count325
\pgf@matrix@numberofcolumns=\count326
)
\tikz@expandcount=\count327

(/usr/local/texlive/2023/texmf-dist/tex/generic/pgf/frontendlayer/tikz/librarie
s/tikzlibrarytopaths.code.tex
File: tikzlibrarytopaths.code.tex 2023-01-15 v3.1.10 (3.1.10)
)))
(/usr/local/texlive/2023/texmf-dist/tex/generic/pgf/frontendlayer/tikz/librarie
s/tikzlibrarysvg.path.code.tex
File: tikzlibrarysvg.path.code.tex 2023-01-15 v3.1.10 (3.1.10)

(/usr/local/texlive/2023/texmf-dist/tex/generic/pgf/libraries/pgflibrarysvg.pat
h.code.tex
File: pgflibrarysvg.path.code.tex 2023-01-15 v3.1.10 (3.1.10)

(/usr/local/texlive/2023/texmf-dist/tex/generic/pgf/modules/pgfmoduleparser.cod
e.tex
File: pgfmoduleparser.code.tex 2023-01-15 v3.1.10 (3.1.10)
\pgfparserdef@arg@count=\count328
)
\pgf@lib@svg@last@x=\dimen290
\pgf@lib@svg@last@y=\dimen291
\pgf@lib@svg@last@c@x=\dimen292
\pgf@lib@svg@last@c@y=\dimen293
\pgf@lib@svg@count=\count329
\pgf@lib@svg@max@num=\count330
))
\@curXheight=\skip58
) (/usr/local/texlive/2023/texmf-dist/tex/latex/marvosym/marvosym.sty
Package: marvosym 2011/07/20 v2.2 Martin Vogel's Symbols font definitions
)
(/usr/local/texlive/2023/texmf-dist/tex/latex/graphics/rotating.sty
Package: rotating 2016/08/11 v2.16d rotated objects in LaTeX

(/usr/local/texlive/2023/texmf-dist/tex/latex/base/ifthen.sty
Package: ifthen 2022/04/13 v1.1d Standard LaTeX ifthen package (DPC)
)
\c@r@tfl@t=\count331
\rotFPtop=\skip59
\rotFPbot=\skip60
\rot@float@box=\box113
\rot@mess@toks=\toks37
)
(/usr/local/texlive/2023/texmf-dist/tex/latex/caption/subcaption.sty
Package: subcaption 2023/02/19 v1.6 Sub-captions (AR)

(/usr/local/texlive/2023/texmf-dist/tex/latex/caption/caption.sty
Package: caption 2023/03/12 v3.6j Customizing captions (AR)

(/usr/local/texlive/2023/texmf-dist/tex/latex/caption/caption3.sty
Package: caption3 2023/03/12 v2.4 caption3 kernel (AR)
\caption@tempdima=\dimen294
\captionmargin=\dimen295
\caption@leftmargin=\dimen296
\caption@rightmargin=\dimen297
\caption@width=\dimen298
\caption@indent=\dimen299
\caption@parindent=\dimen300
\caption@hangindent=\dimen301
Package caption Info: Unknown document class (or package),
(caption)             standard defaults will be used.
Package caption Info: \@makecaption = \long macro:#1#2->\small \vskip \abovecap
tionskip \sbox \@tempboxa {{\bfseries #1.} #2}\ifdim \wd \@tempboxa >\hsize {\b
fseries #1.} #2\par \else \global \@minipagefalse \hb@xt@ \hsize {\hfil \box \@
tempboxa \hfil }\fi \vskip \belowcaptionskip  on input line 1176.
)

Package caption Warning: Unknown document class (or package),
(caption)                standard defaults will be used.
See the caption package documentation for explanation.

\c@caption@flags=\count332
\c@continuedfloat=\count333
Package caption Info: float package is loaded.
Package caption Info: hyperref package is loaded.
Package caption Info: rotating package is loaded.
)
Package caption Info: New subtype `subfigure' on input line 239.
\c@subfigure=\count334
Package caption Info: New subtype `subtable' on input line 239.
\c@subtable=\count335
) (/usr/local/texlive/2023/texmf-dist/tex/latex/multirow/multirow.sty
Package: multirow 2021/03/15 v2.8 Span multiple rows of a table
\multirow@colwidth=\skip61
\multirow@cntb=\count336
\multirow@dima=\skip62
\bigstrutjot=\dimen302
)
(/usr/local/texlive/2023/texmf-dist/tex/latex/amsmath/amsmath.sty
Package: amsmath 2022/04/08 v2.17n AMS math features
\@mathmargin=\skip63

For additional information on amsmath, use the `?' option.
(/usr/local/texlive/2023/texmf-dist/tex/latex/amsmath/amstext.sty
Package: amstext 2021/08/26 v2.01 AMS text

(/usr/local/texlive/2023/texmf-dist/tex/latex/amsmath/amsgen.sty
File: amsgen.sty 1999/11/30 v2.0 generic functions
\@emptytoks=\toks38
\ex@=\dimen303
))
(/usr/local/texlive/2023/texmf-dist/tex/latex/amsmath/amsbsy.sty
Package: amsbsy 1999/11/29 v1.2d Bold Symbols
\pmbraise@=\dimen304
)
(/usr/local/texlive/2023/texmf-dist/tex/latex/amsmath/amsopn.sty
Package: amsopn 2022/04/08 v2.04 operator names
)
\inf@bad=\count337
LaTeX Info: Redefining \frac on input line 234.
\uproot@=\count338
\leftroot@=\count339
LaTeX Info: Redefining \overline on input line 399.
LaTeX Info: Redefining \colon on input line 410.
\classnum@=\count340
\DOTSCASE@=\count341
LaTeX Info: Redefining \ldots on input line 496.
LaTeX Info: Redefining \dots on input line 499.
LaTeX Info: Redefining \cdots on input line 620.
\Mathstrutbox@=\box114
\strutbox@=\box115
LaTeX Info: Redefining \big on input line 722.
LaTeX Info: Redefining \Big on input line 723.
LaTeX Info: Redefining \bigg on input line 724.
LaTeX Info: Redefining \Bigg on input line 725.
\big@size=\dimen305
LaTeX Font Info:    Redeclaring font encoding OML on input line 743.
LaTeX Font Info:    Redeclaring font encoding OMS on input line 744.


Package amsmath Warning: Unable to redefine math accent \vec.

\macc@depth=\count342
LaTeX Info: Redefining \bmod on input line 905.
LaTeX Info: Redefining \pmod on input line 910.
LaTeX Info: Redefining \smash on input line 940.
LaTeX Info: Redefining \relbar on input line 970.
LaTeX Info: Redefining \Relbar on input line 971.
\c@MaxMatrixCols=\count343
\dotsspace@=\muskip17
\c@parentequation=\count344
\dspbrk@lvl=\count345
\tag@help=\toks39
\row@=\count346
\column@=\count347
\maxfields@=\count348
\andhelp@=\toks40
\eqnshift@=\dimen306
\alignsep@=\dimen307
\tagshift@=\dimen308
\tagwidth@=\dimen309
\totwidth@=\dimen310
\lineht@=\dimen311
\@envbody=\toks41
\multlinegap=\skip64
\multlinetaggap=\skip65
\mathdisplay@stack=\toks42
LaTeX Info: Redefining \[ on input line 2953.
LaTeX Info: Redefining \] on input line 2954.
) (/usr/local/texlive/2023/texmf-dist/tex/latex/l3backend/l3backend-pdftex.def
File: l3backend-pdftex.def 2023-01-16 L3 backend support: PDF output (pdfTeX)
\l__color_backend_stack_int=\count349
\l__pdf_internal_box=\box116
) (./paper_current.aux

LaTeX Warning: Label `fig:tuning_ds' multiply defined.

)
\openout1 = `paper_current.aux'.

LaTeX Font Info:    Checking defaults for OML/cmm/m/it on input line 50.
LaTeX Font Info:    ... okay on input line 50.
LaTeX Font Info:    Checking defaults for OMS/cmsy/m/n on input line 50.
LaTeX Font Info:    ... okay on input line 50.
LaTeX Font Info:    Checking defaults for OT1/cmr/m/n on input line 50.
LaTeX Font Info:    ... okay on input line 50.
LaTeX Font Info:    Checking defaults for T1/cmr/m/n on input line 50.
LaTeX Font Info:    ... okay on input line 50.
LaTeX Font Info:    Checking defaults for TS1/cmr/m/n on input line 50.
LaTeX Font Info:    ... okay on input line 50.
LaTeX Font Info:    Checking defaults for OMX/cmex/m/n on input line 50.
LaTeX Font Info:    ... okay on input line 50.
LaTeX Font Info:    Checking defaults for U/cmr/m/n on input line 50.
LaTeX Font Info:    ... okay on input line 50.
LaTeX Font Info:    Checking defaults for PD1/pdf/m/n on input line 50.
LaTeX Font Info:    ... okay on input line 50.
LaTeX Font Info:    Checking defaults for PU/pdf/m/n on input line 50.
LaTeX Font Info:    ... okay on input line 50.
 (/usr/local/texlive/2023/texmf-dist/tex/context/base/mkii/supp-pdf.mkii
[Loading MPS to PDF converter (version 2006.09.02).]
\scratchcounter=\count350
\scratchdimen=\dimen312
\scratchbox=\box117
\nofMPsegments=\count351
\nofMParguments=\count352
\everyMPshowfont=\toks43
\MPscratchCnt=\count353
\MPscratchDim=\dimen313
\MPnumerator=\count354
\makeMPintoPDFobject=\count355
\everyMPtoPDFconversion=\toks44
) (/usr/local/texlive/2023/texmf-dist/tex/latex/epstopdf-pkg/epstopdf-base.sty
Package: epstopdf-base 2020-01-24 v2.11 Base part for package epstopdf

(/usr/local/texlive/2023/texmf-dist/tex/latex/grfext/grfext.sty
Package: grfext 2019/12/03 v1.3 Manage graphics extensions (HO)
)
Package epstopdf-base Info: Redefining graphics rule for `.eps' on input line 4
85.
Package grfext Info: Graphics extension search list:
(grfext)             [.pdf,.png,.jpg,.mps,.jpeg,.jbig2,.jb2,.PDF,.PNG,.JPG,.JPE
G,.JBIG2,.JB2,.eps]
(grfext)             \AppendGraphicsExtensions on input line 504.

(/usr/local/texlive/2023/texmf-dist/tex/latex/latexconfig/epstopdf-sys.cfg
File: epstopdf-sys.cfg 2010/07/13 v1.3 Configuration of (r)epstopdf for TeX Liv
e
))
Package hyperref Info: Link coloring ON on input line 50.

(./paper_current.out) (./paper_current.out)
\@outlinefile=\write4
\openout4 = `paper_current.out'.

Package caption Info: Begin \AtBeginDocument code.
Package caption Info: End \AtBeginDocument code.
LaTeX Font Info:    Trying to load font information for U+mvs on input line 53.


(/usr/local/texlive/2023/texmf-dist/tex/latex/marvosym/umvs.fd)
LaTeX Font Info:    Trying to load font information for T1+cmtt on input line 5
3.

(/usr/local/texlive/2023/texmf-dist/tex/latex/base/t1cmtt.fd
File: t1cmtt.fd 2022/07/10 v2.5l Standard LaTeX font definitions
) [1

{/usr/local/texlive/2023/texmf-var/fonts/map/pdftex/updmap/pdftex.map}{/usr/loc
al/texlive/2023/texmf-dist/fonts/enc/dvips/cm-super/cm-super-t1.enc}{/usr/local
/texlive/2023/texmf-dist/fonts/enc/dvips/cm-super/cm-super-ts1.enc}]

Package natbib Warning: Citation `ping2017datasynthesizer' on page 2 undefined 
on input line 75.


Package natbib Warning: Citation `rubin1993statistical' on page 2 undefined on 
input line 79.


Package natbib Warning: Citation `little1993statistical' on page 2 undefined on
 input line 79.


Package natbib Warning: Citation `rubin1993statistical' on page 2 undefined on 
input line 79.


Package natbib Warning: Citation `liew1985data' on page 2 undefined on input li
ne 79.


Package natbib Warning: Citation `taub2020impact' on page 2 undefined on input 
line 85.


Package natbib Warning: Citation `little2022comparing' on page 2 undefined on i
nput line 85.

LaTeX Font Info:    Trying to load font information for T1+cmss on input line 8
5.
(/usr/local/texlive/2023/texmf-dist/tex/latex/base/t1cmss.fd
File: t1cmss.fd 2022/07/10 v2.5l Standard LaTeX font definitions
)

Package natbib Warning: Citation `jordon2022synthetic' on page 2 undefined on i
nput line 85.


Package natbib Warning: Citation `woo2009global' on page 2 undefined on input l
ine 87.


Package natbib Warning: Citation `snoke2018general' on page 2 undefined on inpu
t line 87.


Package natbib Warning: Citation `snoke2018general' on page 2 undefined on inpu
t line 87.


Package natbib Warning: Citation `drechsler2009disclosure' on page 2 undefined 
on input line 87.


Package natbib Warning: Citation `jordon2022synthetic' on page 2 undefined on i
nput line 87.

[2]
Underfull \hbox (badness 10000) in paragraph at lines 96--96
 [][][][][]$\T1/cmtt/m/n/9 https : / / github . com / clairelittle / psd2022-[]
comparing-[]utility-[]risk / blob /
 []


Package natbib Warning: Citation `karr2006framework' on page 3 undefined on inp
ut line 105.


Package natbib Warning: Citation `snoke2018general' on page 3 undefined on inpu
t line 105.


Package natbib Warning: Citation `drechsler2009disclosure' on page 3 undefined 
on input line 105.


Underfull \hbox (badness 10000) in paragraph at lines 105--105
 [][][][][]$\T1/cmtt/m/n/9 https : / / github . com / clairelittle / psd2022-[]
comparing-[]utility-[]risk / blob /
 []

[3]

Package natbib Warning: Citation `jordon2022synthetic' on page 4 undefined on i
nput line 114.


Package natbib Warning: Citation `zhang2017privbayes' on page 4 undefined on in
put line 114.


Package natbib Warning: Citation `zhang2017privbayes' on page 4 undefined on in
put line 114.


Package natbib Warning: Citation `drechsler2022challenges' on page 4 undefined 
on input line 116.


Package natbib Warning: Citation `jordon2022synthetic' on page 4 undefined on i
nput line 116.


Package natbib Warning: Citation `dankar2021fake' on page 4 undefined on input 
line 123.


Package natbib Warning: Citation `little2022comparing' on page 4 undefined on i
nput line 123.

[4]

Package natbib Warning: Citation `little2022comparing' on page 5 undefined on i
nput line 125.


Package natbib Warning: Citation `dankar2021fake' on page 5 undefined on input 
line 125.

[5]

Package natbib Warning: Citation `dankar2021fake' on page 6 undefined on input 
line 139.


Package natbib Warning: Citation `little2022comparing' on page 6 undefined on i
nput line 139.


Package natbib Warning: Citation `ping2017datasynthesizer' on page 6 undefined 
on input line 143.


Package natbib Warning: Citation `zhang2017privbayes' on page 6 undefined on in
put line 143.


Package natbib Warning: Citation `chen2017learning' on page 6 undefined on inpu
t line 143.

[6]

Package natbib Warning: Citation `ctgan' on page 7 undefined on input line 161.



Package natbib Warning: Citation `patki2016synthetic' on page 7 undefined on in
put line 161.


Package natbib Warning: Citation `goodfellow2014generative' on page 7 undefined
 on input line 161.


Package natbib Warning: Citation `park2018data' on page 7 undefined on input li
ne 161.


Package natbib Warning: Citation `drechsler202330' on page 7 undefined on input
 line 161.


Underfull \vbox (badness 2158) has occurred while \output is active []

 [7]
[8]

Package natbib Warning: Citation `nowok2016synthpop' on page 9 undefined on inp
ut line 173.


Package natbib Warning: Citation `rubin1993statistical' on page 9 undefined on 
input line 173.


Package natbib Warning: Citation `little2022comparing' on page 9 undefined on i
nput line 173.


Package natbib Warning: Citation `dankar2021fake' on page 9 undefined on input 
line 173.


Package natbib Warning: Citation `drechsler2011empirical' on page 9 undefined o
n input line 173.


Package natbib Warning: Citation `little2022comparing' on page 9 undefined on i
nput line 173.

[9]
Underfull \vbox (badness 1102) has occurred while \output is active []

 [10]

Package natbib Warning: Citation `raab2017guidelines' on page 11 undefined on i
nput line 200.

[11]

Package natbib Warning: Citation `drechsler202330' on page 12 undefined on inpu
t line 212.


Package natbib Warning: Citation `jordon2022synthetic' on page 12 undefined on 
input line 214.

[12] (./graphs.tex
<../graphs/graph_fidelity_compare_dataset.pdf, id=173, 578.16pt x 289.08pt>
File: ../graphs/graph_fidelity_compare_dataset.pdf Graphic file (type pdf)
<use ../graphs/graph_fidelity_compare_dataset.pdf>
Package pdftex.def Info: ../graphs/graph_fidelity_compare_dataset.pdf  used on 
input line 14.
(pdftex.def)             Requested size: 578.15858pt x 289.07928pt.

Underfull \hbox (badness 10000) in paragraph at lines 14--16
[][]
 []

<../graphs/graph_fidelity_twoway_compare.pdf, id=174, 722.7pt x 289.08pt>
File: ../graphs/graph_fidelity_twoway_compare.pdf Graphic file (type pdf)
<use ../graphs/graph_fidelity_twoway_compare.pdf>
Package pdftex.def Info: ../graphs/graph_fidelity_twoway_compare.pdf  used on i
nput line 20.
(pdftex.def)             Requested size: 722.69823pt x 289.07928pt.
<../graphs/compare_nofriend_1.pdf, id=175, 722.7pt x 289.08pt>
File: ../graphs/compare_nofriend_1.pdf Graphic file (type pdf)
<use ../graphs/compare_nofriend_1.pdf>
Package pdftex.def Info: ../graphs/compare_nofriend_1.pdf  used on input line 3
4.
(pdftex.def)             Requested size: 312.40906pt x 124.96362pt.
<../graphs/compare_bmi_1.pdf, id=176, 722.7pt x 289.08pt>
File: ../graphs/compare_bmi_1.pdf Graphic file (type pdf)
<use ../graphs/compare_bmi_1.pdf>
Package pdftex.def Info: ../graphs/compare_bmi_1.pdf  used on input line 41.
(pdftex.def)             Requested size: 312.40906pt x 124.96362pt.
<../graphs/compare_wkabdur_1.pdf, id=177, 722.7pt x 289.08pt>
File: ../graphs/compare_wkabdur_1.pdf Graphic file (type pdf)
<use ../graphs/compare_wkabdur_1.pdf>
Package pdftex.def Info: ../graphs/compare_wkabdur_1.pdf  used on input line 48
.
(pdftex.def)             Requested size: 312.40906pt x 124.96362pt.
<../graphs/graph_frequency_compare_edu.pdf, id=178, 722.7pt x 289.08pt>
File: ../graphs/graph_frequency_compare_edu.pdf Graphic file (type pdf)
<use ../graphs/graph_frequency_compare_edu.pdf>
Package pdftex.def Info: ../graphs/graph_frequency_compare_edu.pdf  used on inp
ut line 55.
(pdftex.def)             Requested size: 312.40906pt x 124.96362pt.

LaTeX Warning: Float too large for page by 43.71622pt on input line 65.

<../graphs/graph_utility_regression_cio_both.pdf, id=179, 433.62pt x 578.16pt>
File: ../graphs/graph_utility_regression_cio_both.pdf Graphic file (type pdf)
<use ../graphs/graph_utility_regression_cio_both.pdf>
Package pdftex.def Info: ../graphs/graph_utility_regression_cio_both.pdf  used 
on input line 69.
(pdftex.def)             Requested size: 433.61894pt x 578.15858pt.
) [13


 <../graphs/graph_fidelity_compare_dataset.pdf> <../graphs/graph_fidelity_twowa
y_compare.pdf>] [14 <../graphs/compare_nofriend_1.pdf> <../graphs/compare_bmi_1
.pdf> <../graphs/compare_wkabdur_1.pdf> <../graphs/graph_frequency_compare_edu.
pdf>] [15 <../graphs/graph_utility_regression_cio_both.pdf>] (./tables.tex (../
tables/table_sd2011_data_structure.tex) (../tables/table_compare_roe.tex)
(../tables/table_sd2011_duration_v2.tex)) [16

]

LaTeX Warning: Text page 17 contains only floats.

[17]
No file paper_current.bbl.
(./appendix.tex
<../graphs/datasynthesizer/datasynthesizer_fidelity_optimize_dataset_parents.pd
f, id=241, 433.62pt x 289.08pt>
File: ../graphs/datasynthesizer/datasynthesizer_fidelity_optimize_dataset_paren
ts.pdf Graphic file (type pdf)
<use ../graphs/datasynthesizer/datasynthesizer_fidelity_optimize_dataset_parent
s.pdf>
Package pdftex.def Info: ../graphs/datasynthesizer/datasynthesizer_fidelity_opt
imize_dataset_parents.pdf  used on input line 31.
(pdftex.def)             Requested size: 347.12354pt x 231.4275pt.
<../graphs/datasynthesizer/datasynthesizer_fidelity_twoway_sd2011.pdf, id=242, 
433.62pt x 289.08pt>
File: ../graphs/datasynthesizer/datasynthesizer_fidelity_twoway_sd2011.pdf Grap
hic file (type pdf)
<use ../graphs/datasynthesizer/datasynthesizer_fidelity_twoway_sd2011.pdf>
Package pdftex.def Info: ../graphs/datasynthesizer/datasynthesizer_fidelity_two
way_sd2011.pdf  used on input line 41.
(pdftex.def)             Requested size: 260.34265pt x 173.56842pt.
<../graphs/datasynthesizer/datasynthesizer_fidelity_twoway_sd2011_clean.pdf, id
=243, 433.62pt x 289.08pt>
File: ../graphs/datasynthesizer/datasynthesizer_fidelity_twoway_sd2011_clean.pd
f Graphic file (type pdf)
<use ../graphs/datasynthesizer/datasynthesizer_fidelity_twoway_sd2011_clean.pdf
>
Package pdftex.def Info: ../graphs/datasynthesizer/datasynthesizer_fidelity_two
way_sd2011_clean.pdf  used on input line 47.
(pdftex.def)             Requested size: 260.34265pt x 173.56842pt.
<../graphs/datasynthesizer/datasynthesizer_fidelity_twoway_sd2011_clean_small.p
df, id=244, 433.62pt x 289.08pt>
File: ../graphs/datasynthesizer/datasynthesizer_fidelity_twoway_sd2011_clean_sm
all.pdf Graphic file (type pdf)
<use ../graphs/datasynthesizer/datasynthesizer_fidelity_twoway_sd2011_clean_sma
ll.pdf>
Package pdftex.def Info: ../graphs/datasynthesizer/datasynthesizer_fidelity_two
way_sd2011_clean_small.pdf  used on input line 53.
(pdftex.def)             Requested size: 260.34265pt x 173.56842pt.


LaTeX Warning: Float too large for page by 59.46709pt on input line 57.

<../graphs/datasynthesizer/datasynthesizer_wkabdur.pdf, id=245, 722.7pt x 289.0
8pt>
File: ../graphs/datasynthesizer/datasynthesizer_wkabdur.pdf Graphic file (type 
pdf)
<use ../graphs/datasynthesizer/datasynthesizer_wkabdur.pdf>
Package pdftex.def Info: ../graphs/datasynthesizer/datasynthesizer_wkabdur.pdf 
 used on input line 66.
(pdftex.def)             Requested size: 722.69823pt x 289.07928pt.
<../graphs/datasynthesizer/datasynthesizer_bmi.pdf, id=246, 722.7pt x 289.08pt>

File: ../graphs/datasynthesizer/datasynthesizer_bmi.pdf Graphic file (type pdf)

<use ../graphs/datasynthesizer/datasynthesizer_bmi.pdf>
Package pdftex.def Info: ../graphs/datasynthesizer/datasynthesizer_bmi.pdf  use
d on input line 72.
(pdftex.def)             Requested size: 722.69823pt x 289.07928pt.
<../graphs/datasynthesizer/datasynthesizer_nofriend.pdf, id=247, 722.7pt x 289.
08pt>
File: ../graphs/datasynthesizer/datasynthesizer_nofriend.pdf Graphic file (type
 pdf)
<use ../graphs/datasynthesizer/datasynthesizer_nofriend.pdf>
Package pdftex.def Info: ../graphs/datasynthesizer/datasynthesizer_nofriend.pdf
  used on input line 79.
(pdftex.def)             Requested size: 722.69823pt x 289.07928pt.
<../graphs/datasynthesizer/datasynthesizer_fidelity_optimize_dataset_compare.pd
f, id=248, 433.62pt x 289.08pt>
File: ../graphs/datasynthesizer/datasynthesizer_fidelity_optimize_dataset_compa
re.pdf Graphic file (type pdf)
<use ../graphs/datasynthesizer/datasynthesizer_fidelity_optimize_dataset_compar
e.pdf>
Package pdftex.def Info: ../graphs/datasynthesizer/datasynthesizer_fidelity_opt
imize_dataset_compare.pdf  used on input line 88.
(pdftex.def)             Requested size: 347.12354pt x 231.4275pt.
[18


 <../graphs/datasynthesizer/datasynthesizer_fidelity_optimize_dataset_parents.p
df>] [19 <../graphs/datasynthesizer/datasynthesizer_fidelity_twoway_sd2011.pdf>
 <../graphs/datasynthesizer/datasynthesizer_fidelity_twoway_sd2011_clean.pdf> <
../graphs/datasynthesizer/datasynthesizer_fidelity_twoway_sd2011_clean_small.pd
f>] [20 <../graphs/datasynthesizer/datasynthesizer_wkabdur.pdf> <../graphs/data
synthesizer/datasynthesizer_bmi.pdf> <../graphs/datasynthesizer/datasynthesizer
_nofriend.pdf>] [21 <../graphs/datasynthesizer/datasynthesizer_fidelity_optimiz
e_dataset_compare.pdf>]
<../../ctgan/graphs/ctgan/ctgan_fidelity_optimize_batch_size.pdf, id=312, 433.6
2pt x 289.08pt>
File: ../../ctgan/graphs/ctgan/ctgan_fidelity_optimize_batch_size.pdf Graphic f
ile (type pdf)
<use ../../ctgan/graphs/ctgan/ctgan_fidelity_optimize_batch_size.pdf>
Package pdftex.def Info: ../../ctgan/graphs/ctgan/ctgan_fidelity_optimize_batch
_size.pdf  used on input line 134.
(pdftex.def)             Requested size: 433.61894pt x 289.07928pt.
<../../ctgan/graphs/ctgan/ctgan_fidelity_optimize_epochs.pdf, id=313, 433.62pt 
x 289.08pt>
File: ../../ctgan/graphs/ctgan/ctgan_fidelity_optimize_epochs.pdf Graphic file 
(type pdf)
<use ../../ctgan/graphs/ctgan/ctgan_fidelity_optimize_epochs.pdf>
Package pdftex.def Info: ../../ctgan/graphs/ctgan/ctgan_fidelity_optimize_epoch
s.pdf  used on input line 140.
(pdftex.def)             Requested size: 433.61894pt x 289.07928pt.
<../../ctgan/graphs/ctgan/ctgan_fidelity_optimize_dimensions.pdf, id=314, 433.6
2pt x 289.08pt>
File: ../../ctgan/graphs/ctgan/ctgan_fidelity_optimize_dimensions.pdf Graphic f
ile (type pdf)
<use ../../ctgan/graphs/ctgan/ctgan_fidelity_optimize_dimensions.pdf>
Package pdftex.def Info: ../../ctgan/graphs/ctgan/ctgan_fidelity_optimize_dimen
sions.pdf  used on input line 146.
(pdftex.def)             Requested size: 433.61894pt x 289.07928pt.


LaTeX Warning: Float too large for page by 79.56699pt on input line 149.

<../graphs/ctgan/ctgan_fidelity_twoway_sd2011.pdf, id=315, 433.62pt x 289.08pt>

File: ../graphs/ctgan/ctgan_fidelity_twoway_sd2011.pdf Graphic file (type pdf)
<use ../graphs/ctgan/ctgan_fidelity_twoway_sd2011.pdf>
Package pdftex.def Info: ../graphs/ctgan/ctgan_fidelity_twoway_sd2011.pdf  used
 on input line 158.
(pdftex.def)             Requested size: 260.34265pt x 173.56842pt.
<../graphs/ctgan/ctgan_fidelity_twoway_sd2011_clean.pdf, id=316, 433.62pt x 289
.08pt>
File: ../graphs/ctgan/ctgan_fidelity_twoway_sd2011_clean.pdf Graphic file (type
 pdf)
<use ../graphs/ctgan/ctgan_fidelity_twoway_sd2011_clean.pdf>
Package pdftex.def Info: ../graphs/ctgan/ctgan_fidelity_twoway_sd2011_clean.pdf
  used on input line 164.
(pdftex.def)             Requested size: 260.34265pt x 173.56842pt.
<../graphs/ctgan/ctgan_fidelity_twoway_sd2011_clean_small.pdf, id=317, 433.62pt
 x 289.08pt>
File: ../graphs/ctgan/ctgan_fidelity_twoway_sd2011_clean_small.pdf Graphic file
 (type pdf)
<use ../graphs/ctgan/ctgan_fidelity_twoway_sd2011_clean_small.pdf>
Package pdftex.def Info: ../graphs/ctgan/ctgan_fidelity_twoway_sd2011_clean_sma
ll.pdf  used on input line 170.
(pdftex.def)             Requested size: 260.34265pt x 173.56842pt.

LaTeX Warning: Float too large for page by 59.46709pt on input line 175.

<../graphs/synthpop/synthpop_fidelity_twoway_sd2011.pdf, id=318, 433.62pt x 289
.08pt>
File: ../graphs/synthpop/synthpop_fidelity_twoway_sd2011.pdf Graphic file (type
 pdf)
<use ../graphs/synthpop/synthpop_fidelity_twoway_sd2011.pdf>
Package pdftex.def Info: ../graphs/synthpop/synthpop_fidelity_twoway_sd2011.pdf
  used on input line 188.
(pdftex.def)             Requested size: 260.34265pt x 173.56842pt.
<../graphs/synthpop/synthpop_fidelity_twoway_sd2011_clean.pdf, id=319, 433.62pt
 x 289.08pt>
File: ../graphs/synthpop/synthpop_fidelity_twoway_sd2011_clean.pdf Graphic file
 (type pdf)
<use ../graphs/synthpop/synthpop_fidelity_twoway_sd2011_clean.pdf>
Package pdftex.def Info: ../graphs/synthpop/synthpop_fidelity_twoway_sd2011_cle
an.pdf  used on input line 194.
(pdftex.def)             Requested size: 260.34265pt x 173.56842pt.
<../graphs/synthpop/synthpop_fidelity_twoway_sd2011_clean_small.pdf, id=320, 43
3.62pt x 289.08pt>
File: ../graphs/synthpop/synthpop_fidelity_twoway_sd2011_clean_small.pdf Graphi
c file (type pdf)
<use ../graphs/synthpop/synthpop_fidelity_twoway_sd2011_clean_small.pdf>
Package pdftex.def Info: ../graphs/synthpop/synthpop_fidelity_twoway_sd2011_cle
an_small.pdf  used on input line 200.
(pdftex.def)             Requested size: 260.34265pt x 173.56842pt.

LaTeX Warning: Float too large for page by 59.46709pt on input line 205.

)

Package natbib Warning: There were undefined citations.

[22

] [23 <../../ctgan/graphs/ctgan/ctgan_fidelity_optimize_batch_size.pdf> <../../
ctgan/graphs/ctgan/ctgan_fidelity_optimize_epochs.pdf> <../../ctgan/graphs/ctga
n/ctgan_fidelity_optimize_dimensions.pdf>] [24 <../graphs/ctgan/ctgan_fidelity_
twoway_sd2011.pdf> <../graphs/ctgan/ctgan_fidelity_twoway_sd2011_clean.pdf> <..
/graphs/ctgan/ctgan_fidelity_twoway_sd2011_clean_small.pdf>] [25 <../graphs/syn
thpop/synthpop_fidelity_twoway_sd2011.pdf> <../graphs/synthpop/synthpop_fidelit
y_twoway_sd2011_clean.pdf> <../graphs/synthpop/synthpop_fidelity_twoway_sd2011_
clean_small.pdf>] (./paper_current.aux)

LaTeX Warning: There were multiply-defined labels.

Package rerunfilecheck Info: File `paper_current.out' has not changed.
(rerunfilecheck)             Checksum: 657C1075A7E7BD19E943B43BF2F4E622;476.
 ) 
Here is how much of TeX's memory you used:
 23315 strings out of 476025
 446264 string characters out of 5790018
 1929388 words of memory out of 5000000
 43262 multiletter control sequences out of 15000+600000
 526466 words of font info for 60 fonts, out of 8000000 for 9000
 1141 hyphenation exceptions out of 8191
 117i,13n,118p,1514b,773s stack positions out of 10000i,1000n,20000p,200000b,200000s

pdfTeX warning (dest): name{Hfootnote.8} has been referenced but does not exist
, replaced by a fixed one

</usr/local/texlive/2023/texmf-dist/fonts/type1/public/amsfonts/cm/cmex10.pfb><
/usr/local/texlive/2023/texmf-dist/fonts/type1/public/amsfonts/cm/cmmi10.pfb></
usr/local/texlive/2023/texmf-dist/fonts/type1/public/amsfonts/cm/cmmi7.pfb></us
r/local/texlive/2023/texmf-dist/fonts/type1/public/amsfonts/cm/cmmi9.pfb></usr/
local/texlive/2023/texmf-dist/fonts/type1/public/amsfonts/cm/cmr10.pfb></usr/lo
cal/texlive/2023/texmf-dist/fonts/type1/public/amsfonts/cm/cmr6.pfb></usr/local
/texlive/2023/texmf-dist/fonts/type1/public/amsfonts/cm/cmr7.pfb></usr/local/te
xlive/2023/texmf-dist/fonts/type1/public/amsfonts/cm/cmr9.pfb></usr/local/texli
ve/2023/texmf-dist/fonts/type1/public/amsfonts/cm/cmsy10.pfb></usr/local/texliv
e/2023/texmf-dist/fonts/type1/public/amsfonts/cm/cmsy9.pfb></usr/local/texlive/
2023/texmf-dist/fonts/type1/public/marvosym/marvosym.pfb></usr/local/texlive/20
23/texmf-dist/fonts/type1/public/cm-super/sfbx0900.pfb></usr/local/texlive/2023
/texmf-dist/fonts/type1/public/cm-super/sfbx1000.pfb></usr/local/texlive/2023/t
exmf-dist/fonts/type1/public/cm-super/sfbx1200.pfb></usr/local/texlive/2023/tex
mf-dist/fonts/type1/public/cm-super/sfbx1440.pfb></usr/local/texlive/2023/texmf
-dist/fonts/type1/public/cm-super/sfrm0500.pfb></usr/local/texlive/2023/texmf-d
ist/fonts/type1/public/cm-super/sfrm0600.pfb></usr/local/texlive/2023/texmf-dis
t/fonts/type1/public/cm-super/sfrm0700.pfb></usr/local/texlive/2023/texmf-dist/
fonts/type1/public/cm-super/sfrm0900.pfb></usr/local/texlive/2023/texmf-dist/fo
nts/type1/public/cm-super/sfrm1000.pfb></usr/local/texlive/2023/texmf-dist/font
s/type1/public/cm-super/sfss1000.pfb></usr/local/texlive/2023/texmf-dist/fonts/
type1/public/cm-super/sftt0900.pfb></usr/local/texlive/2023/texmf-dist/fonts/ty
pe1/public/cm-super/sftt1000.pfb>
Output written on paper_current.pdf (25 pages, 628632 bytes).
PDF statistics:
 508 PDF objects out of 1000 (max. 8388607)
 368 compressed objects within 4 object streams
 64 named destinations out of 1000 (max. 500000)
 141 words of extra memory for PDF output out of 10000 (max. 10000000)

